Determining if the pthread_create exist failed with the following output:
Change Dir: /home/roktober/git_fulab/ws/build/catkin_tools_prebuild/CMakeFiles/CMakeTmp

Run Build Command:"/usr/bin/make" "cmTC_e291b/fast"
/usr/bin/make -f CMakeFiles/cmTC_e291b.dir/build.make CMakeFiles/cmTC_e291b.dir/build
make[1]: Entering directory '/home/roktober/git_fulab/ws/build/catkin_tools_prebuild/CMakeFiles/CMakeTmp'
Building C object CMakeFiles/cmTC_e291b.dir/CheckSymbolExists.c.o
/usr/bin/cc     -o CMakeFiles/cmTC_e291b.dir/CheckSymbolExists.c.o   -c /home/roktober/git_fulab/ws/build/catkin_tools_prebuild/CMakeFiles/CMakeTmp/CheckSymbolExists.c
Linking C executable cmTC_e291b
/usr/bin/cmake -E cmake_link_script CMakeFiles/cmTC_e291b.dir/link.txt --verbose=1
/usr/bin/cc       CMakeFiles/cmTC_e291b.dir/CheckSymbolExists.c.o  -o cmTC_e291b -rdynamic 
CMakeFiles/cmTC_e291b.dir/CheckSymbolExists.c.o: In function `main':
CheckSymbolExists.c:(.text+0x16): undefined reference to `pthread_create'
collect2: error: ld returned 1 exit status
CMakeFiles/cmTC_e291b.dir/build.make:97: recipe for target 'cmTC_e291b' failed
make[1]: *** [cmTC_e291b] Error 1
make[1]: Leaving directory '/home/roktober/git_fulab/ws/build/catkin_tools_prebuild/CMakeFiles/CMakeTmp'
Makefile:126: recipe for target 'cmTC_e291b/fast' failed
make: *** [cmTC_e291b/fast] Error 2

File /home/roktober/git_fulab/ws/build/catkin_tools_prebuild/CMakeFiles/CMakeTmp/CheckSymbolExists.c:
/* */
#include <pthread.h>

int main(int argc, char** argv)
{
  (void)argv;
#ifndef pthread_create
  return ((int*)(&pthread_create))[argc];
#else
  (void)argc;
  return 0;
#endif
}

Determining if the function pthread_create exists in the pthreads failed with the following output:
Change Dir: /home/roktober/git_fulab/ws/build/catkin_tools_prebuild/CMakeFiles/CMakeTmp

Run Build Command:"/usr/bin/make" "cmTC_3facf/fast"
/usr/bin/make -f CMakeFiles/cmTC_3facf.dir/build.make CMakeFiles/cmTC_3facf.dir/build
make[1]: Entering directory '/home/roktober/git_fulab/ws/build/catkin_tools_prebuild/CMakeFiles/CMakeTmp'
Building C object CMakeFiles/cmTC_3facf.dir/CheckFunctionExists.c.o
/usr/bin/cc    -DCHECK_FUNCTION_EXISTS=pthread_create   -o CMakeFiles/cmTC_3facf.dir/CheckFunctionExists.c.o   -c /usr/share/cmake-3.5/Modules/CheckFunctionExists.c
Linking C executable cmTC_3facf
/usr/bin/cmake -E cmake_link_script CMakeFiles/cmTC_3facf.dir/link.txt --verbose=1
/usr/bin/cc   -DCHECK_FUNCTION_EXISTS=pthread_create    CMakeFiles/cmTC_3facf.dir/CheckFunctionExists.c.o  -o cmTC_3facf -rdynamic -lpthreads 
/usr/bin/ld: cannot find -lpthreads
collect2: error: ld returned 1 exit status
CMakeFiles/cmTC_3facf.dir/build.make:97: recipe for target 'cmTC_3facf' failed
make[1]: *** [cmTC_3facf] Error 1
make[1]: Leaving directory '/home/roktober/git_fulab/ws/build/catkin_tools_prebuild/CMakeFiles/CMakeTmp'
Makefile:126: recipe for target 'cmTC_3facf/fast' failed
make: *** [cmTC_3facf/fast] Error 2


